<?xml version="1.0" encoding="UTF-8"?>
<!-- Generated by org.testng.reporters.JUnitXMLReporter -->
<testsuite hostname="DESKTOP-1BDQC6B" ignored="0" name="Validate Titles test" tests="1" failures="1" timestamp="15 Nov 2020 16:31:06 GMT" time="0.026" errors="0">
  <testcase name="validateTitle" time="0.013" classname="testnglearning.TestCase2">
    <failure type="java.lang.AssertionError" message="The following asserts failed:
	expected [Gmail.com] but found [Google.com],
	Forcefully failing the test,
	Failing the test as the button is missing expected [true] but found [false]">
      <![CDATA[java.lang.AssertionError: The following asserts failed:
expected [Gmail.com] but found [Google.com],
Forcefully failing the test,
Failing the test as the button is missing expected [true] but found [false]
at testnglearning.TestCase2.validateTitle(TestCase2.java:34)
... Removed 26 stack frames]]>
    </failure>
  </testcase> <!-- validateTitle -->
</testsuite> <!-- Validate Titles test -->
